<?xml version="1.0" encoding="UTF-8"?>
<testng-results skipped="0" failed="0" ignored="0" total="1" passed="1">
  <reporter-output>
  </reporter-output>
  <suite name="Default suite" duration-ms="3175" started-at="2022-07-14T17:48:53Z" finished-at="2022-07-14T17:48:56Z">
    <groups>
    </groups>
    <test name="Default test" duration-ms="3175" started-at="2022-07-14T17:48:53Z" finished-at="2022-07-14T17:48:56Z">
      <class name="com.qa.test.HashMapTest">
        <test-method status="PASS" signature="AddBookAPI()[pri:0, instance:com.qa.test.HashMapTest@5dd6264]" name="AddBookAPI" duration-ms="2950" started-at="2022-07-14T17:48:53Z" finished-at="2022-07-14T17:48:56Z">
          <reporter-output>
          </reporter-output>
        </test-method> <!-- AddBookAPI -->
      </class> <!-- com.qa.test.HashMapTest -->
    </test> <!-- Default test -->
  </suite> <!-- Default suite -->
</testng-results>
